/Users/emmettcocke/ucla/fall2023/cs130/Rosetta.app/Contents/MacOS/workspace/tutorial2/build/owl/iso.org/iec-80000-6.21.owl
/Users/emmettcocke/ucla/fall2023/cs130/Rosetta.app/Contents/MacOS/workspace/tutorial2/build/owl/iso.org/iso-80000-3.6.owl
/Users/emmettcocke/ucla/fall2023/cs130/Rosetta.app/Contents/MacOS/workspace/tutorial2/build/owl/iso.org/iso-80000-3.11.owl
/Users/emmettcocke/ucla/fall2023/cs130/Rosetta.app/Contents/MacOS/workspace/tutorial2/build/owl/iso.org/iso-1087-1.owl
/Users/emmettcocke/ucla/fall2023/cs130/Rosetta.app/Contents/MacOS/workspace/tutorial2/build/owl/iso.org/iec-80000-6.13.owl
/Users/emmettcocke/ucla/fall2023/cs130/Rosetta.app/Contents/MacOS/workspace/tutorial2/build/owl/iso.org/iso-80000-4.3.owl
/Users/emmettcocke/ucla/fall2023/cs130/Rosetta.app/Contents/MacOS/workspace/tutorial2/build/owl/iso.org/iso-80000-4.11.owl
/Users/emmettcocke/ucla/fall2023/cs130/Rosetta.app/Contents/MacOS/workspace/tutorial2/build/owl/iso.org/iso-80000-5.1.owl
/Users/emmettcocke/ucla/fall2023/cs130/Rosetta.app/Contents/MacOS/workspace/tutorial2/build/owl/bipm.org/jcgm/vim4-annotations.owl
/Users/emmettcocke/ucla/fall2023/cs130/Rosetta.app/Contents/MacOS/workspace/tutorial2/build/owl/iso.org/iso-80000-3.7.owl
/Users/emmettcocke/ucla/fall2023/cs130/Rosetta.app/Contents/MacOS/workspace/tutorial2/build/owl/example.com/tutorial2/description/components.owl
/Users/emmettcocke/ucla/fall2023/cs130/Rosetta.app/Contents/MacOS/workspace/tutorial2/build/owl/iso.org/iec-80000-6.11.owl
/Users/emmettcocke/ucla/fall2023/cs130/Rosetta.app/Contents/MacOS/workspace/tutorial2/build/owl/iso.org/iso-80000-3.10.owl
/Users/emmettcocke/ucla/fall2023/cs130/Rosetta.app/Contents/MacOS/workspace/tutorial2/build/owl/example.com/tutorial2/description/bundle.owl
/Users/emmettcocke/ucla/fall2023/cs130/Rosetta.app/Contents/MacOS/workspace/tutorial2/build/owl/iso.org/iec-80000-6.46.owl
/Users/emmettcocke/ucla/fall2023/cs130/Rosetta.app/Contents/MacOS/workspace/tutorial2/build/owl/iso.org/iso-80000-1.owl
/Users/emmettcocke/ucla/fall2023/cs130/Rosetta.app/Contents/MacOS/workspace/tutorial2/build/owl/iso.org/iso-80000-4.1.owl
/Users/emmettcocke/ucla/fall2023/cs130/Rosetta.app/Contents/MacOS/workspace/tutorial2/build/owl/bipm.org/jcgm/vim4-terminological-analysis.owl
/Users/emmettcocke/ucla/fall2023/cs130/Rosetta.app/Contents/MacOS/workspace/tutorial2/build/owl/iso.org/iec-80000-6.10.owl
/Users/emmettcocke/ucla/fall2023/cs130/Rosetta.app/Contents/MacOS/workspace/tutorial2/build/owl/example.com/tutorial2/description/requirements.owl
/Users/emmettcocke/ucla/fall2023/cs130/Rosetta.app/Contents/MacOS/workspace/tutorial2/build/owl/iso.org/iso-80000-3.4.owl
/Users/emmettcocke/ucla/fall2023/cs130/Rosetta.app/Contents/MacOS/workspace/tutorial2/build/owl/iso.org/iso-80000-3.5.owl
/Users/emmettcocke/ucla/fall2023/cs130/Rosetta.app/Contents/MacOS/workspace/tutorial2/build/owl/iso.org/iso-80000-4.2.owl
/Users/emmettcocke/ucla/fall2023/cs130/Rosetta.app/Contents/MacOS/workspace/tutorial2/build/owl/iso.org/iso-80000-3.12.owl
/Users/emmettcocke/ucla/fall2023/cs130/Rosetta.app/Contents/MacOS/workspace/tutorial2/build/owl/bipm.org/jcgm/vim4.owl
/Users/emmettcocke/ucla/fall2023/cs130/Rosetta.app/Contents/MacOS/workspace/tutorial2/build/owl/iso.org/iso-80000-4.8.owl
/Users/emmettcocke/ucla/fall2023/cs130/Rosetta.app/Contents/MacOS/workspace/tutorial2/build/owl/iso.org/iso-80000-bundle.owl
/Users/emmettcocke/ucla/fall2023/cs130/Rosetta.app/Contents/MacOS/workspace/tutorial2/build/owl/example.com/tutorial2/description/missions.owl
/Users/emmettcocke/ucla/fall2023/cs130/Rosetta.app/Contents/MacOS/workspace/tutorial2/build/owl/iso.org/iso-80000-4.15.owl
/Users/emmettcocke/ucla/fall2023/cs130/Rosetta.app/Contents/MacOS/workspace/tutorial2/build/owl/example.com/tutorial2/description/interfaces.owl
/Users/emmettcocke/ucla/fall2023/cs130/Rosetta.app/Contents/MacOS/workspace/tutorial2/build/owl/iso.org/iso-80000-3.2.owl
/Users/emmettcocke/ucla/fall2023/cs130/Rosetta.app/Contents/MacOS/workspace/tutorial2/build/owl/example.com/tutorial2/vocabulary/mission.owl
/Users/emmettcocke/ucla/fall2023/cs130/Rosetta.app/Contents/MacOS/workspace/tutorial2/build/owl/iso.org/iso-80000-4.14.owl
/Users/emmettcocke/ucla/fall2023/cs130/Rosetta.app/Contents/MacOS/workspace/tutorial2/build/owl/iso.org/iso-80000-3.14.owl
/Users/emmettcocke/ucla/fall2023/cs130/Rosetta.app/Contents/MacOS/workspace/tutorial2/build/owl/iso.org/iso-80000-3.3.owl
/Users/emmettcocke/ucla/fall2023/cs130/Rosetta.app/Contents/MacOS/workspace/tutorial2/build/owl/iso.org/iso-80000-4.9.owl
/Users/emmettcocke/ucla/fall2023/cs130/Rosetta.app/Contents/MacOS/workspace/tutorial2/build/owl/example.com/tutorial2/description/bundle/classes.ttl
/Users/emmettcocke/ucla/fall2023/cs130/Rosetta.app/Contents/MacOS/workspace/tutorial2/build/owl/iso.org/iso-80000-4.13.owl
/Users/emmettcocke/ucla/fall2023/cs130/Rosetta.app/Contents/MacOS/workspace/tutorial2/build/owl/iso.org/iso-80000-4.26.owl
/Users/emmettcocke/ucla/fall2023/cs130/Rosetta.app/Contents/MacOS/workspace/tutorial2/build/owl/iso.org/iso-80000-3.8.owl
/Users/emmettcocke/ucla/fall2023/cs130/Rosetta.app/Contents/MacOS/workspace/tutorial2/build/owl/bipm.org/jcgm/vim4.1-systems-diagram.owl
/Users/emmettcocke/ucla/fall2023/cs130/Rosetta.app/Contents/MacOS/workspace/tutorial2/build/owl/iso.org/iec-80000-6.1.owl
/Users/emmettcocke/ucla/fall2023/cs130/Rosetta.app/Contents/MacOS/workspace/tutorial2/build/owl/bipm.org/jcgm/jcgm-bundle.owl
/Users/emmettcocke/ucla/fall2023/cs130/Rosetta.app/Contents/MacOS/workspace/tutorial2/build/owl/iso.org/iec-80000-6.45.owl
/Users/emmettcocke/ucla/fall2023/cs130/Rosetta.app/Contents/MacOS/workspace/tutorial2/build/owl/purl.org/dc/elements/1.1.owl
/Users/emmettcocke/ucla/fall2023/cs130/Rosetta.app/Contents/MacOS/workspace/tutorial2/build/owl/example.com/tutorial2/description/bundle/properties.ttl
/Users/emmettcocke/ucla/fall2023/cs130/Rosetta.app/Contents/MacOS/workspace/tutorial2/build/owl/example.com/tutorial2/vocabulary/base.owl
/Users/emmettcocke/ucla/fall2023/cs130/Rosetta.app/Contents/MacOS/workspace/tutorial2/build/owl/example.com/tutorial2/vocabulary/bundle.owl
/Users/emmettcocke/ucla/fall2023/cs130/Rosetta.app/Contents/MacOS/workspace/tutorial2/build/owl/example.com/tutorial2/vocabulary/mechanical.owl
/Users/emmettcocke/ucla/fall2023/cs130/Rosetta.app/Contents/MacOS/workspace/tutorial2/build/owl/iso.org/iso-80000-3.15.owl
/Users/emmettcocke/ucla/fall2023/cs130/Rosetta.app/Contents/MacOS/workspace/tutorial2/build/owl/iso.org/iec-80000-6.2.owl
/Users/emmettcocke/ucla/fall2023/cs130/Rosetta.app/Contents/MacOS/workspace/tutorial2/build/owl/example.com/tutorial2/description/objectives.owl
/Users/emmettcocke/ucla/fall2023/cs130/Rosetta.app/Contents/MacOS/workspace/tutorial2/build/owl/iso.org/iso-80000-3.9.owl
/Users/emmettcocke/ucla/fall2023/cs130/Rosetta.app/Contents/MacOS/workspace/tutorial2/build/owl/example.com/tutorial2/description/bundle/individuals.ttl
/Users/emmettcocke/ucla/fall2023/cs130/Rosetta.app/Contents/MacOS/workspace/tutorial2/build/owl/iso.org/iso-80000-3.1.owl
/Users/emmettcocke/ucla/fall2023/cs130/Rosetta.app/Contents/MacOS/workspace/tutorial2/build/owl/example.com/tutorial2/description/masses.owl
