[2023-11-30 09:54:18] Server     INFO  Apache Jena Fuseki 4.6.1
[2023-11-30 09:54:18] Server     INFO  Configuration file: ../.fuseki.ttl
[2023-11-30 09:54:18] Server     INFO  Path = /tutorial2
[2023-11-30 09:54:18] Server     INFO  System
[2023-11-30 09:54:18] Server     INFO    Memory: 8.0 GiB
[2023-11-30 09:54:18] Server     INFO    Java:   17.0.8.1
[2023-11-30 09:54:18] Server     INFO    OS:     Mac OS X 13.5.2 aarch64
[2023-11-30 09:54:18] Server     INFO    PID:    42582
[2023-11-30 09:54:18] Server     INFO  Start Fuseki (http=3030)
[2023-11-30 10:26:45] Fuseki     INFO  [1] GET http://localhost:3030/tutorial2
[2023-11-30 10:26:45] Fuseki     INFO  [1] 200 OK (11 ms)
[2023-11-30 10:26:45] Fuseki     INFO  [2] POST http://localhost:3030/tutorial2?graph=http://example.com/tutorial2/description/objectives
[2023-11-30 10:26:45] Fuseki     INFO  [2] Body: Content-Length=6586, Content-Type=application/rdf+xml, Charset=null => RDF/XML : Count=41 Triples=41 Quads=0
[2023-11-30 10:26:45] Fuseki     INFO  [2] 201 Created (54 ms)
[2023-11-30 10:26:45] Fuseki     INFO  [3] POST http://localhost:3030/tutorial2?graph=http://example.com/tutorial2/vocabulary/bundle
[2023-11-30 10:26:45] Fuseki     INFO  [3] Body: Content-Length=1452, Content-Type=application/rdf+xml, Charset=null => RDF/XML : Count=4 Triples=4 Quads=0
[2023-11-30 10:26:45] Fuseki     INFO  [3] 201 Created (6 ms)
[2023-11-30 10:26:45] Fuseki     INFO  [4] POST http://localhost:3030/tutorial2?graph=http://example.com/tutorial2/vocabulary/mission
[2023-11-30 10:26:45] Fuseki     INFO  [4] Body: Content-Length=2433, Content-Type=application/rdf+xml, Charset=null => RDF/XML : Count=16 Triples=16 Quads=0
[2023-11-30 10:26:45] Fuseki     INFO  [4] 201 Created (6 ms)
[2023-11-30 10:26:45] Fuseki     INFO  [5] POST http://localhost:3030/tutorial2?graph=http://example.com/tutorial2/description//bundle/properties
[2023-11-30 10:26:45] Fuseki     INFO  [5] Body: Content-Length=2534, Content-Type=text/turtle, Charset=null => Turtle : Count=30 Triples=30 Quads=0
[2023-11-30 10:26:45] Fuseki     INFO  [5] 201 Created (8 ms)
[2023-11-30 10:26:45] Fuseki     INFO  [6] POST http://localhost:3030/tutorial2?graph=http://example.com/tutorial2/description//bundle/classes
[2023-11-30 10:26:45] Fuseki     INFO  [6] Body: Content-Length=2302, Content-Type=text/turtle, Charset=null => Turtle : Count=28 Triples=28 Quads=0
[2023-11-30 10:26:45] Fuseki     INFO  [6] 201 Created (6 ms)
[2023-11-30 10:26:45] Fuseki     INFO  [7] POST http://localhost:3030/tutorial2?graph=http://example.com/tutorial2/description//bundle/individuals
[2023-11-30 10:26:45] Fuseki     INFO  [7] Body: Content-Length=7993, Content-Type=text/turtle, Charset=null => Turtle : Count=83 Triples=83 Quads=0
[2023-11-30 10:26:45] Fuseki     INFO  [7] 201 Created (7 ms)
[2023-11-30 10:26:45] Fuseki     INFO  [8] POST http://localhost:3030/tutorial2?graph=http://example.com/tutorial2/description/bundle
[2023-11-30 10:26:45] Fuseki     INFO  [8] Body: Content-Length=1013, Content-Type=application/rdf+xml, Charset=null => RDF/XML : Count=4 Triples=4 Quads=0
[2023-11-30 10:26:45] Fuseki     INFO  [8] 201 Created (3 ms)
[2023-11-30 10:26:45] Fuseki     INFO  [9] POST http://localhost:3030/tutorial2?graph=http://example.com/tutorial2/vocabulary/base
[2023-11-30 10:26:45] Fuseki     INFO  [9] Body: Content-Length=10529, Content-Type=application/rdf+xml, Charset=null => RDF/XML : Count=80 Triples=80 Quads=0
[2023-11-30 10:26:45] Fuseki     INFO  [9] 201 Created (12 ms)
[2023-11-30 10:26:45] Fuseki     INFO  [10] GET http://localhost:3030/tutorial2/sparql?query=PREFIX%20%20mission:%20%3Chttp://example.com/tutorial2/vocabulary/mission%23%3E%0APREFIX%20%20base:%20%3Chttp://example.com/tutorial2/vocabulary/base%23%3E%0A%0ASELECT%20DISTINCT%20%20?o1_id%20?o1_name%20?o2_id%20?o2_name%0AWHERE%0A%20%20%7B%20?o1%20%20%20a%20%20%20%20%20%20%20%20%20%20%20%20%20%20%20%20%20%20%20%20%20mission:Objective%20%3B%0A%20%20%20%20%20%20%20%20%20%20base:hasIdentifier%20%20%20%20?o1_id%20%3B%0A%20%20%20%20%20%20%20%20%20%20base:hasCanonicalName%20%20?o1_name%20%3B%0A%20%20%20%20%20%20%20%20%20%20base:aggregates%20%20%20%20%20%20%20_:b0%20.%0A%20%20%20%20_:b0%20%20base:hasIdentifier%20%20%20%20?o2_id%20%3B%0A%20%20%20%20%20%20%20%20%20%20base:hasCanonicalName%20%20?o2_name%0A%20%20%7D%0AORDER%20BY%20?o1_id%20?o2_id%0A
[2023-11-30 10:26:45] Fuseki     INFO  [10] Query = PREFIX  mission: <http://example.com/tutorial2/vocabulary/mission#> PREFIX  base: <http://example.com/tutorial2/vocabulary/base#>  SELECT DISTINCT  ?o1_id ?o1_name ?o2_id ?o2_name WHERE   { ?o1   a                     mission:Objective ;           base:hasIdentifier    ?o1_id ;           base:hasCanonicalName  ?o1_name ;           base:aggregates       _:b0 .     _:b0  base:hasIdentifier    ?o2_id ;           base:hasCanonicalName  ?o2_name   } ORDER BY ?o1_id ?o2_id 
[2023-11-30 10:26:45] Fuseki     INFO  [10] 200 OK (28 ms)
[2023-11-30 10:34:25] Fuseki     INFO  [11] GET http://localhost:3030/tutorial2
[2023-11-30 10:34:25] Fuseki     INFO  [11] 200 OK (18 ms)
[2023-11-30 10:34:25] Fuseki     INFO  [12] DELETE http://localhost:3030/tutorial2?graph=http://example.com/tutorial2/description//bundle/classes
[2023-11-30 10:34:25] Fuseki     INFO  [12] 204 No Content (1 ms)
[2023-11-30 10:34:25] Fuseki     INFO  [13] DELETE http://localhost:3030/tutorial2?graph=http://example.com/tutorial2/description//bundle/properties
[2023-11-30 10:34:25] Fuseki     INFO  [13] 204 No Content (1 ms)
[2023-11-30 10:34:25] Fuseki     INFO  [14] DELETE http://localhost:3030/tutorial2?graph=http://example.com/tutorial2/vocabulary/mission
[2023-11-30 10:34:25] Fuseki     INFO  [14] 204 No Content (0 ms)
[2023-11-30 10:34:25] Fuseki     INFO  [15] DELETE http://localhost:3030/tutorial2?graph=http://example.com/tutorial2/vocabulary/bundle
[2023-11-30 10:34:25] Fuseki     INFO  [15] 204 No Content (0 ms)
[2023-11-30 10:34:25] Fuseki     INFO  [16] DELETE http://localhost:3030/tutorial2?graph=http://example.com/tutorial2/description/objectives
[2023-11-30 10:34:25] Fuseki     INFO  [16] 204 No Content (0 ms)
[2023-11-30 10:34:25] Fuseki     INFO  [17] DELETE http://localhost:3030/tutorial2?graph=http://example.com/tutorial2/description/bundle
[2023-11-30 10:34:25] Fuseki     INFO  [17] 204 No Content (0 ms)
[2023-11-30 10:34:25] Fuseki     INFO  [18] DELETE http://localhost:3030/tutorial2?graph=http://example.com/tutorial2/description//bundle/individuals
[2023-11-30 10:34:25] Fuseki     INFO  [18] 204 No Content (1 ms)
[2023-11-30 10:34:25] Fuseki     INFO  [19] DELETE http://localhost:3030/tutorial2?graph=http://example.com/tutorial2/vocabulary/base
[2023-11-30 10:34:25] Fuseki     INFO  [19] 204 No Content (1 ms)
[2023-11-30 10:34:25] Fuseki     INFO  [20] POST http://localhost:3030/tutorial2?graph=http://example.com/tutorial2/description//bundle/properties
[2023-11-30 10:34:25] Fuseki     INFO  [20] Body: Content-Length=3292, Content-Type=text/turtle, Charset=null => Turtle : Count=38 Triples=38 Quads=0
[2023-11-30 10:34:25] Fuseki     INFO  [20] 201 Created (3 ms)
[2023-11-30 10:34:25] Fuseki     INFO  [21] POST http://localhost:3030/tutorial2?graph=http://example.com/tutorial2/vocabulary/bundle
[2023-11-30 10:34:25] Fuseki     INFO  [21] Body: Content-Length=1766, Content-Type=application/rdf+xml, Charset=null => RDF/XML : Count=13 Triples=13 Quads=0
[2023-11-30 10:34:25] Fuseki     INFO  [21] 201 Created (4 ms)
[2023-11-30 10:34:25] Fuseki     INFO  [22] POST http://localhost:3030/tutorial2?graph=http://example.com/tutorial2/description/missions
[2023-11-30 10:34:25] Fuseki     INFO  [22] Body: Content-Length=3954, Content-Type=application/rdf+xml, Charset=null => RDF/XML : Count=21 Triples=21 Quads=0
[2023-11-30 10:34:25] Fuseki     INFO  [22] 201 Created (3 ms)
[2023-11-30 10:34:25] Fuseki     INFO  [23] POST http://localhost:3030/tutorial2?graph=http://example.com/tutorial2/vocabulary/base
[2023-11-30 10:34:25] Fuseki     INFO  [23] Body: Content-Length=10529, Content-Type=application/rdf+xml, Charset=null => RDF/XML : Count=80 Triples=80 Quads=0
[2023-11-30 10:34:25] Fuseki     INFO  [23] 201 Created (6 ms)
[2023-11-30 10:34:25] Fuseki     INFO  [24] POST http://localhost:3030/tutorial2?graph=http://example.com/tutorial2/description//bundle/classes
[2023-11-30 10:34:25] Fuseki     INFO  [24] Body: Content-Length=2929, Content-Type=text/turtle, Charset=null => Turtle : Count=35 Triples=35 Quads=0
[2023-11-30 10:34:25] Fuseki     INFO  [24] 201 Created (2 ms)
[2023-11-30 10:34:25] Fuseki     INFO  [25] POST http://localhost:3030/tutorial2?graph=http://example.com/tutorial2/description/objectives
[2023-11-30 10:34:25] Fuseki     INFO  [25] Body: Content-Length=6586, Content-Type=application/rdf+xml, Charset=null => RDF/XML : Count=41 Triples=41 Quads=0
[2023-11-30 10:34:25] Fuseki     INFO  [25] 201 Created (4 ms)
[2023-11-30 10:34:25] Fuseki     INFO  [26] POST http://localhost:3030/tutorial2?graph=http://example.com/tutorial2/description/bundle
[2023-11-30 10:34:25] Fuseki     INFO  [26] Body: Content-Length=1101, Content-Type=application/rdf+xml, Charset=null => RDF/XML : Count=5 Triples=5 Quads=0
[2023-11-30 10:34:25] Fuseki     INFO  [26] 201 Created (1 ms)
[2023-11-30 10:34:25] Fuseki     INFO  [27] POST http://localhost:3030/tutorial2?graph=http://example.com/tutorial2/vocabulary/mission
[2023-11-30 10:34:25] Fuseki     INFO  [27] Body: Content-Length=8876, Content-Type=application/rdf+xml, Charset=null => RDF/XML : Count=70 Triples=70 Quads=0
[2023-11-30 10:34:25] Fuseki     INFO  [27] 201 Created (5 ms)
[2023-11-30 10:34:25] Fuseki     INFO  [28] POST http://localhost:3030/tutorial2?graph=http://example.com/tutorial2/description//bundle/individuals
[2023-11-30 10:34:25] Fuseki     INFO  [28] Body: Content-Length=10513, Content-Type=text/turtle, Charset=null => Turtle : Count=109 Triples=109 Quads=0
[2023-11-30 10:34:25] Fuseki     INFO  [28] 201 Created (4 ms)
[2023-11-30 10:34:25] Fuseki     INFO  [29] GET http://localhost:3030/tutorial2/sparql?query=PREFIX%20%20mission:%20%3Chttp://example.com/tutorial2/vocabulary/mission%23%3E%0APREFIX%20%20base:%20%3Chttp://example.com/tutorial2/vocabulary/base%23%3E%0A%0ASELECT%20DISTINCT%20%20?o1_id%20?o1_name%20?o2_id%20?o2_name%0AWHERE%0A%20%20%7B%20?o1%20%20%20a%20%20%20%20%20%20%20%20%20%20%20%20%20%20%20%20%20%20%20%20%20mission:Objective%20%3B%0A%20%20%20%20%20%20%20%20%20%20base:hasIdentifier%20%20%20%20?o1_id%20%3B%0A%20%20%20%20%20%20%20%20%20%20base:hasCanonicalName%20%20?o1_name%20%3B%0A%20%20%20%20%20%20%20%20%20%20base:aggregates%20%20%20%20%20%20%20_:b0%20.%0A%20%20%20%20_:b0%20%20base:hasIdentifier%20%20%20%20?o2_id%20%3B%0A%20%20%20%20%20%20%20%20%20%20base:hasCanonicalName%20%20?o2_name%0A%20%20%7D%0AORDER%20BY%20?o1_id%20?o2_id%0A
[2023-11-30 10:34:25] Fuseki     INFO  [29] Query = PREFIX  mission: <http://example.com/tutorial2/vocabulary/mission#> PREFIX  base: <http://example.com/tutorial2/vocabulary/base#>  SELECT DISTINCT  ?o1_id ?o1_name ?o2_id ?o2_name WHERE   { ?o1   a                     mission:Objective ;           base:hasIdentifier    ?o1_id ;           base:hasCanonicalName  ?o1_name ;           base:aggregates       _:b0 .     _:b0  base:hasIdentifier    ?o2_id ;           base:hasCanonicalName  ?o2_name   } ORDER BY ?o1_id ?o2_id 
[2023-11-30 10:34:25] Fuseki     INFO  [30] GET http://localhost:3030/tutorial2/sparql?query=PREFIX%20%20mission:%20%3Chttp://example.com/tutorial2/vocabulary/mission%23%3E%0APREFIX%20%20base:%20%3Chttp://example.com/tutorial2/vocabulary/base%23%3E%0A%0ASELECT%20DISTINCT%20%20?m_id%20?m_name%20?o_id%20?o_name%0AWHERE%0A%20%20%7B%20?m%20%20%20%20a%20%20%20%20%20%20%20%20%20%20%20%20%20%20%20%20%20%20%20%20%20mission:Mission%20%3B%0A%20%20%20%20%20%20%20%20%20%20base:hasIdentifier%20%20%20%20?m_id%20%3B%0A%20%20%20%20%20%20%20%20%20%20base:hasCanonicalName%20%20?m_name%20%3B%0A%20%20%20%20%20%20%20%20%20%20mission:pursues%20%20%20%20%20%20%20_:b0%20.%0A%20%20%20%20_:b0%20%20a%20%20%20%20%20%20%20%20%20%20%20%20%20%20%20%20%20%20%20%20%20mission:Objective%20%3B%0A%20%20%20%20%20%20%20%20%20%20base:hasIdentifier%20%20%20%20?o_id%20%3B%0A%20%20%20%20%20%20%20%20%20%20base:hasCanonicalName%20%20?o_name%0A%20%20%7D%0AORDER%20BY%20?m_id%20?o_id%0A
[2023-11-30 10:34:25] Fuseki     INFO  [30] Query = PREFIX  mission: <http://example.com/tutorial2/vocabulary/mission#> PREFIX  base: <http://example.com/tutorial2/vocabulary/base#>  SELECT DISTINCT  ?m_id ?m_name ?o_id ?o_name WHERE   { ?m    a                     mission:Mission ;           base:hasIdentifier    ?m_id ;           base:hasCanonicalName  ?m_name ;           mission:pursues       _:b0 .     _:b0  a                     mission:Objective ;           base:hasIdentifier    ?o_id ;           base:hasCanonicalName  ?o_name   } ORDER BY ?m_id ?o_id 
[2023-11-30 10:34:25] Fuseki     INFO  [29] 200 OK (3 ms)
[2023-11-30 10:34:25] Fuseki     INFO  [30] 200 OK (2 ms)
[2023-11-30 11:14:37] Fuseki     INFO  [31] GET http://localhost:3030/tutorial2
[2023-11-30 11:14:37] Fuseki     INFO  [31] 200 OK (11 ms)
[2023-11-30 11:14:37] Fuseki     INFO  [32] DELETE http://localhost:3030/tutorial2?graph=http://example.com/tutorial2/description//bundle/classes
[2023-11-30 11:14:37] Fuseki     INFO  [32] 204 No Content (1 ms)
[2023-11-30 11:14:37] Fuseki     INFO  [33] DELETE http://localhost:3030/tutorial2?graph=http://example.com/tutorial2/description//bundle/properties
[2023-11-30 11:14:37] Fuseki     INFO  [33] 204 No Content (0 ms)
[2023-11-30 11:14:37] Fuseki     INFO  [34] DELETE http://localhost:3030/tutorial2?graph=http://example.com/tutorial2/vocabulary/mission
[2023-11-30 11:14:37] Fuseki     INFO  [34] 204 No Content (1 ms)
[2023-11-30 11:14:37] Fuseki     INFO  [35] DELETE http://localhost:3030/tutorial2?graph=http://example.com/tutorial2/vocabulary/bundle
[2023-11-30 11:14:37] Fuseki     INFO  [35] 204 No Content (0 ms)
[2023-11-30 11:14:37] Fuseki     INFO  [36] DELETE http://localhost:3030/tutorial2?graph=http://example.com/tutorial2/description/objectives
[2023-11-30 11:14:37] Fuseki     INFO  [36] 204 No Content (0 ms)
[2023-11-30 11:14:37] Fuseki     INFO  [37] DELETE http://localhost:3030/tutorial2?graph=http://example.com/tutorial2/description/missions
[2023-11-30 11:14:37] Fuseki     INFO  [37] 204 No Content (0 ms)
[2023-11-30 11:14:37] Fuseki     INFO  [38] DELETE http://localhost:3030/tutorial2?graph=http://example.com/tutorial2/description/bundle
[2023-11-30 11:14:37] Fuseki     INFO  [38] 204 No Content (0 ms)
[2023-11-30 11:14:37] Fuseki     INFO  [39] DELETE http://localhost:3030/tutorial2?graph=http://example.com/tutorial2/description//bundle/individuals
[2023-11-30 11:14:37] Fuseki     INFO  [39] 204 No Content (2 ms)
[2023-11-30 11:14:37] Fuseki     INFO  [40] DELETE http://localhost:3030/tutorial2?graph=http://example.com/tutorial2/vocabulary/base
[2023-11-30 11:14:37] Fuseki     INFO  [40] 204 No Content (1 ms)
[2023-11-30 11:14:37] Fuseki     INFO  [41] POST http://localhost:3030/tutorial2?graph=http://bipm.org/jcgm/vim4
[2023-11-30 11:14:37] Fuseki     INFO  [41] Body: Content-Length=187945, Content-Type=application/rdf+xml, Charset=null => RDF/XML : Count=1807 Triples=1807 Quads=0
[2023-11-30 11:14:37] Fuseki     INFO  [41] 201 Created (51 ms)
[2023-11-30 11:14:37] Fuseki     INFO  [42] POST http://localhost:3030/tutorial2?graph=http://example.com/tutorial2/description//bundle/individuals
[2023-11-30 11:14:37] Fuseki     INFO  [42] Body: Content-Length=113177, Content-Type=text/turtle, Charset=null => Turtle : Count=1373 Triples=1373 Quads=0
[2023-11-30 11:14:37] Fuseki     INFO  [42] 201 Created (24 ms)
[2023-11-30 11:14:37] Fuseki     INFO  [43] POST http://localhost:3030/tutorial2?graph=http://example.com/tutorial2/vocabulary/mechanical
[2023-11-30 11:14:37] Fuseki     INFO  [43] Body: Content-Length=3267, Content-Type=application/rdf+xml, Charset=null => RDF/XML : Count=26 Triples=26 Quads=0
[2023-11-30 11:14:37] Fuseki     INFO  [43] 201 Created (3 ms)
[2023-11-30 11:14:37] Fuseki     INFO  [44] POST http://localhost:3030/tutorial2?graph=http://iso.org/iso-80000-1
[2023-11-30 11:14:37] Fuseki     INFO  [44] Body: Content-Length=11534, Content-Type=application/rdf+xml, Charset=null => RDF/XML : Count=124 Triples=124 Quads=0
[2023-11-30 11:14:37] Fuseki     INFO  [44] 201 Created (5 ms)
[2023-11-30 11:14:37] Fuseki     INFO  [45] POST http://localhost:3030/tutorial2?graph=http://example.com/tutorial2/vocabulary/base
[2023-11-30 11:14:37] Fuseki     INFO  [45] Body: Content-Length=16152, Content-Type=application/rdf+xml, Charset=null => RDF/XML : Count=132 Triples=132 Quads=0
[2023-11-30 11:14:37] Fuseki     INFO  [45] 201 Created (5 ms)
[2023-11-30 11:14:37] Fuseki     INFO  [46] POST http://localhost:3030/tutorial2?graph=http://example.com/tutorial2/description/objectives
[2023-11-30 11:14:37] Fuseki     INFO  [46] Body: Content-Length=6586, Content-Type=application/rdf+xml, Charset=null => RDF/XML : Count=41 Triples=41 Quads=0
[2023-11-30 11:14:37] Fuseki     INFO  [46] 201 Created (2 ms)
[2023-11-30 11:14:37] Fuseki     INFO  [47] POST http://localhost:3030/tutorial2?graph=http://purl.org/dc/elements/1.1
[2023-11-30 11:14:37] Fuseki     INFO  [47] Body: Content-Length=3542, Content-Type=application/rdf+xml, Charset=null => RDF/XML : Count=22 Triples=22 Quads=0
[2023-11-30 11:14:37] Fuseki     INFO  [47] 201 Created (2 ms)
[2023-11-30 11:14:37] Fuseki     INFO  [48] POST http://localhost:3030/tutorial2?graph=http://example.com/tutorial2/description/masses
[2023-11-30 11:14:37] Fuseki     INFO  [48] Body: Content-Length=13629, Content-Type=application/rdf+xml, Charset=null => RDF/XML : Count=67 Triples=67 Quads=0
[2023-11-30 11:14:37] Fuseki     INFO  [48] 201 Created (4 ms)
[2023-11-30 11:14:37] Fuseki     INFO  [49] POST http://localhost:3030/tutorial2?graph=http://example.com/tutorial2/description//bundle/classes
[2023-11-30 11:14:37] Fuseki     INFO  [49] Body: Content-Length=23207, Content-Type=text/turtle, Charset=null => Turtle : Count=339 Triples=339 Quads=0
[2023-11-30 11:14:37] Fuseki     INFO  [49] 201 Created (6 ms)
[2023-11-30 11:14:37] Fuseki     INFO  [50] POST http://localhost:3030/tutorial2?graph=http://example.com/tutorial2/vocabulary/mission
[2023-11-30 11:14:37] Fuseki     INFO  [50] Body: Content-Length=15199, Content-Type=application/rdf+xml, Charset=null => RDF/XML : Count=131 Triples=131 Quads=0
[2023-11-30 11:14:37] Fuseki     INFO  [50] 201 Created (5 ms)
[2023-11-30 11:14:37] Fuseki     INFO  [51] POST http://localhost:3030/tutorial2?graph=http://iso.org/iso-80000-4.1
[2023-11-30 11:14:37] Fuseki     INFO  [51] Body: Content-Length=5744, Content-Type=application/rdf+xml, Charset=null => RDF/XML : Count=41 Triples=41 Quads=0
[2023-11-30 11:14:37] Fuseki     INFO  [51] 201 Created (3 ms)
[2023-11-30 11:14:37] Fuseki     INFO  [52] POST http://localhost:3030/tutorial2?graph=http://iso.org/iso-1087-1
[2023-11-30 11:14:37] Fuseki     INFO  [52] Body: Content-Length=8160, Content-Type=application/rdf+xml, Charset=null => RDF/XML : Count=63 Triples=63 Quads=0
[2023-11-30 11:14:37] Fuseki     INFO  [52] 201 Created (5 ms)
[2023-11-30 11:14:37] Fuseki     INFO  [53] POST http://localhost:3030/tutorial2?graph=http://example.com/tutorial2/description/bundle
[2023-11-30 11:14:37] Fuseki     INFO  [53] Body: Content-Length=190049, Content-Type=application/rdf+xml, Charset=null => RDF/XML : Count=1934 Triples=1934 Quads=0
[2023-11-30 11:14:37] Fuseki     INFO  [53] 201 Created (31 ms)
[2023-11-30 11:14:37] Fuseki     INFO  [54] POST http://localhost:3030/tutorial2?graph=http://example.com/tutorial2/vocabulary/bundle
[2023-11-30 11:14:37] Fuseki     INFO  [54] Body: Content-Length=8744, Content-Type=application/rdf+xml, Charset=null => RDF/XML : Count=140 Triples=140 Quads=0
[2023-11-30 11:14:37] Fuseki     INFO  [54] 201 Created (6 ms)
[2023-11-30 11:14:37] Fuseki     INFO  [55] POST http://localhost:3030/tutorial2?graph=http://example.com/tutorial2/description//bundle/properties
[2023-11-30 11:14:37] Fuseki     INFO  [55] Body: Content-Length=17259, Content-Type=text/turtle, Charset=null => Turtle : Count=227 Triples=227 Quads=0
[2023-11-30 11:14:37] Fuseki     INFO  [55] 201 Created (5 ms)
[2023-11-30 11:14:37] Fuseki     INFO  [56] POST http://localhost:3030/tutorial2?graph=http://example.com/tutorial2/description/missions
[2023-11-30 11:14:37] Fuseki     INFO  [56] Body: Content-Length=5153, Content-Type=application/rdf+xml, Charset=null => RDF/XML : Count=31 Triples=31 Quads=0
[2023-11-30 11:14:37] Fuseki     INFO  [56] 201 Created (2 ms)
[2023-11-30 11:14:37] Fuseki     INFO  [57] POST http://localhost:3030/tutorial2?graph=http://example.com/tutorial2/description/components
[2023-11-30 11:14:37] Fuseki     INFO  [57] Body: Content-Length=11031, Content-Type=application/rdf+xml, Charset=null => RDF/XML : Count=80 Triples=80 Quads=0
[2023-11-30 11:14:37] Fuseki     INFO  [57] 201 Created (3 ms)
[2023-11-30 11:14:37] Fuseki     INFO  [58] GET http://localhost:3030/tutorial2/sparql?query=PREFIX%20%20mission:%20%3Chttp://example.com/tutorial2/vocabulary/mission%23%3E%0APREFIX%20%20vim4:%20%3Chttp://bipm.org/jcgm/vim4%23%3E%0APREFIX%20%20base:%20%3Chttp://example.com/tutorial2/vocabulary/base%23%3E%0A%0ASELECT%20DISTINCT%20%20?c1_id%20?c1_name%20?c1_mass%20?c2_id%20?c2_name%0AWHERE%0A%20%20%7B%20?c1%20%20a%20%20%20%20%20%20%20%20%20%20%20%20%20%20%20%20%20%20%20%20%20mission:Component%20%3B%0A%20%20%20%20%20%20%20%20%20base:hasIdentifier%20%20%20%20?c1_id%20%3B%0A%20%20%20%20%20%20%20%20%20base:hasCanonicalName%20%20?c1_name%0A%20%20%20%20OPTIONAL%0A%20%20%20%20%20%20%7B%20?c1%20%20base:isContainedIn%20%20%20%20?c2%20.%0A%20%20%20%20%20%20%20%20?c2%20%20base:hasIdentifier%20%20%20%20?c2_id%20%3B%0A%20%20%20%20%20%20%20%20%20%20%20%20%20base:hasCanonicalName%20%20?c2_name%0A%20%20%20%20%20%20%7D%0A%20%20%20%20OPTIONAL%0A%20%20%20%20%20%20%7B%20?c1_mass_mag%20%20vim4:characterizes%20%20?c1%20%3B%0A%20%20%20%20%20%20%20%20%20%20%20%20%20%20%20%20%20%20vim4:hasDoubleNumber%20%20?c1_mass%0A%20%20%20%20%20%20%7D%0A%20%20%7D%0AORDER%20BY%20?c1_id%20?c2_id%0A
[2023-11-30 11:14:37] Fuseki     INFO  [58] Query = PREFIX  mission: <http://example.com/tutorial2/vocabulary/mission#> PREFIX  vim4: <http://bipm.org/jcgm/vim4#> PREFIX  base: <http://example.com/tutorial2/vocabulary/base#>  SELECT DISTINCT  ?c1_id ?c1_name ?c1_mass ?c2_id ?c2_name WHERE   { ?c1  a                     mission:Component ;          base:hasIdentifier    ?c1_id ;          base:hasCanonicalName  ?c1_name     OPTIONAL       { ?c1  base:isContainedIn    ?c2 .         ?c2  base:hasIdentifier    ?c2_id ;              base:hasCanonicalName  ?c2_name       }     OPTIONAL       { ?c1_mass_mag  vim4:characterizes  ?c1 ;                   vim4:hasDoubleNumber  ?c1_mass       }   } ORDER BY ?c1_id ?c2_id 
[2023-11-30 11:14:37] Fuseki     INFO  [60] GET http://localhost:3030/tutorial2/sparql?query=PREFIX%20%20mission:%20%3Chttp://example.com/tutorial2/vocabulary/mission%23%3E%0APREFIX%20%20base:%20%3Chttp://example.com/tutorial2/vocabulary/base%23%3E%0A%0ASELECT%20DISTINCT%20%20?m_id%20?m_name%20?o_id%20?o_name%0AWHERE%0A%20%20%7B%20?m%20%20%20%20a%20%20%20%20%20%20%20%20%20%20%20%20%20%20%20%20%20%20%20%20%20mission:Mission%20%3B%0A%20%20%20%20%20%20%20%20%20%20base:hasIdentifier%20%20%20%20?m_id%20%3B%0A%20%20%20%20%20%20%20%20%20%20base:hasCanonicalName%20%20?m_name%20%3B%0A%20%20%20%20%20%20%20%20%20%20mission:pursues%20%20%20%20%20%20%20_:b0%20.%0A%20%20%20%20_:b0%20%20a%20%20%20%20%20%20%20%20%20%20%20%20%20%20%20%20%20%20%20%20%20mission:Objective%20%3B%0A%20%20%20%20%20%20%20%20%20%20base:hasIdentifier%20%20%20%20?o_id%20%3B%0A%20%20%20%20%20%20%20%20%20%20base:hasCanonicalName%20%20?o_name%0A%20%20%7D%0AORDER%20BY%20?m_id%20?o_id%0A
[2023-11-30 11:14:37] Fuseki     INFO  [59] GET http://localhost:3030/tutorial2/sparql?query=PREFIX%20%20mission:%20%3Chttp://example.com/tutorial2/vocabulary/mission%23%3E%0APREFIX%20%20base:%20%3Chttp://example.com/tutorial2/vocabulary/base%23%3E%0A%0ASELECT%20DISTINCT%20%20?o1_id%20?o1_name%20?o2_id%20?o2_name%0AWHERE%0A%20%20%7B%20?o1%20%20%20a%20%20%20%20%20%20%20%20%20%20%20%20%20%20%20%20%20%20%20%20%20mission:Objective%20%3B%0A%20%20%20%20%20%20%20%20%20%20base:hasIdentifier%20%20%20%20?o1_id%20%3B%0A%20%20%20%20%20%20%20%20%20%20base:hasCanonicalName%20%20?o1_name%20%3B%0A%20%20%20%20%20%20%20%20%20%20base:aggregates%20%20%20%20%20%20%20_:b0%20.%0A%20%20%20%20_:b0%20%20base:hasIdentifier%20%20%20%20?o2_id%20%3B%0A%20%20%20%20%20%20%20%20%20%20base:hasCanonicalName%20%20?o2_name%0A%20%20%7D%0AORDER%20BY%20?o1_id%20?o2_id%0A
[2023-11-30 11:14:37] Fuseki     INFO  [60] Query = PREFIX  mission: <http://example.com/tutorial2/vocabulary/mission#> PREFIX  base: <http://example.com/tutorial2/vocabulary/base#>  SELECT DISTINCT  ?m_id ?m_name ?o_id ?o_name WHERE   { ?m    a                     mission:Mission ;           base:hasIdentifier    ?m_id ;           base:hasCanonicalName  ?m_name ;           mission:pursues       _:b0 .     _:b0  a                     mission:Objective ;           base:hasIdentifier    ?o_id ;           base:hasCanonicalName  ?o_name   } ORDER BY ?m_id ?o_id 
[2023-11-30 11:14:37] Fuseki     INFO  [59] Query = PREFIX  mission: <http://example.com/tutorial2/vocabulary/mission#> PREFIX  base: <http://example.com/tutorial2/vocabulary/base#>  SELECT DISTINCT  ?o1_id ?o1_name ?o2_id ?o2_name WHERE   { ?o1   a                     mission:Objective ;           base:hasIdentifier    ?o1_id ;           base:hasCanonicalName  ?o1_name ;           base:aggregates       _:b0 .     _:b0  base:hasIdentifier    ?o2_id ;           base:hasCanonicalName  ?o2_name   } ORDER BY ?o1_id ?o2_id 
[2023-11-30 11:14:37] Fuseki     INFO  [60] 200 OK (3 ms)
[2023-11-30 11:14:37] Fuseki     INFO  [59] 200 OK (3 ms)
[2023-11-30 11:14:37] Fuseki     INFO  [58] 200 OK (10 ms)
[2023-11-30 11:18:48] Fuseki     INFO  [61] GET http://localhost:3030/tutorial2
[2023-11-30 11:18:48] Fuseki     INFO  [61] 200 OK (91 ms)
[2023-11-30 11:18:48] Fuseki     INFO  [62] DELETE http://localhost:3030/tutorial2?graph=http://iso.org/iso-80000-4.1
[2023-11-30 11:18:48] Fuseki     INFO  [62] 204 No Content (1 ms)
[2023-11-30 11:18:48] Fuseki     INFO  [63] DELETE http://localhost:3030/tutorial2?graph=http://example.com/tutorial2/description//bundle/classes
[2023-11-30 11:18:48] Fuseki     INFO  [63] 204 No Content (2 ms)
[2023-11-30 11:18:48] Fuseki     INFO  [64] DELETE http://localhost:3030/tutorial2?graph=http://example.com/tutorial2/description/masses
[2023-11-30 11:18:48] Fuseki     INFO  [64] 204 No Content (1 ms)
[2023-11-30 11:18:48] Fuseki     INFO  [65] DELETE http://localhost:3030/tutorial2?graph=http://example.com/tutorial2/description/components
[2023-11-30 11:18:48] Fuseki     INFO  [65] 204 No Content (1 ms)
[2023-11-30 11:18:48] Fuseki     INFO  [66] DELETE http://localhost:3030/tutorial2?graph=http://example.com/tutorial2/description//bundle/properties
[2023-11-30 11:18:48] Fuseki     INFO  [66] 204 No Content (1 ms)
[2023-11-30 11:18:48] Fuseki     INFO  [67] DELETE http://localhost:3030/tutorial2?graph=http://iso.org/iso-1087-1
[2023-11-30 11:18:48] Fuseki     INFO  [67] 204 No Content (1 ms)
[2023-11-30 11:18:48] Fuseki     INFO  [68] DELETE http://localhost:3030/tutorial2?graph=http://example.com/tutorial2/vocabulary/mission
[2023-11-30 11:18:48] Fuseki     INFO  [68] 204 No Content (1 ms)
[2023-11-30 11:18:48] Fuseki     INFO  [69] DELETE http://localhost:3030/tutorial2?graph=http://example.com/tutorial2/vocabulary/bundle
[2023-11-30 11:18:48] Fuseki     INFO  [69] 204 No Content (1 ms)
[2023-11-30 11:18:48] Fuseki     INFO  [70] DELETE http://localhost:3030/tutorial2?graph=http://purl.org/dc/elements/1.1
[2023-11-30 11:18:48] Fuseki     INFO  [70] 204 No Content (0 ms)
[2023-11-30 11:18:48] Fuseki     INFO  [71] DELETE http://localhost:3030/tutorial2?graph=http://bipm.org/jcgm/vim4
[2023-11-30 11:18:48] Fuseki     INFO  [71] 204 No Content (7 ms)
[2023-11-30 11:18:48] Fuseki     INFO  [72] DELETE http://localhost:3030/tutorial2?graph=http://example.com/tutorial2/vocabulary/mechanical
[2023-11-30 11:18:48] Fuseki     INFO  [72] 204 No Content (0 ms)
[2023-11-30 11:18:48] Fuseki     INFO  [73] DELETE http://localhost:3030/tutorial2?graph=http://example.com/tutorial2/description/objectives
[2023-11-30 11:18:48] Fuseki     INFO  [73] 204 No Content (0 ms)
[2023-11-30 11:18:48] Fuseki     INFO  [74] DELETE http://localhost:3030/tutorial2?graph=http://example.com/tutorial2/description/missions
[2023-11-30 11:18:48] Fuseki     INFO  [74] 204 No Content (0 ms)
[2023-11-30 11:18:48] Fuseki     INFO  [75] DELETE http://localhost:3030/tutorial2?graph=http://iso.org/iso-80000-1
[2023-11-30 11:18:48] Fuseki     INFO  [75] 204 No Content (1 ms)
[2023-11-30 11:18:48] Fuseki     INFO  [76] DELETE http://localhost:3030/tutorial2?graph=http://example.com/tutorial2/description/bundle
[2023-11-30 11:18:48] Fuseki     INFO  [76] 204 No Content (7 ms)
[2023-11-30 11:18:48] Fuseki     INFO  [77] DELETE http://localhost:3030/tutorial2?graph=http://example.com/tutorial2/description//bundle/individuals
[2023-11-30 11:18:48] Fuseki     INFO  [77] 204 No Content (4 ms)
[2023-11-30 11:18:48] Fuseki     INFO  [78] DELETE http://localhost:3030/tutorial2?graph=http://example.com/tutorial2/vocabulary/base
[2023-11-30 11:18:48] Fuseki     INFO  [78] 204 No Content (0 ms)
[2023-11-30 11:18:48] Fuseki     INFO  [79] POST http://localhost:3030/tutorial2?graph=http://example.com/tutorial2/description/requirements
[2023-11-30 11:18:48] Fuseki     INFO  [79] Body: Content-Length=4698, Content-Type=application/rdf+xml, Charset=null => RDF/XML : Count=23 Triples=23 Quads=0
[2023-11-30 11:18:48] Fuseki     INFO  [79] 201 Created (2 ms)
[2023-11-30 11:18:48] Fuseki     INFO  [80] POST http://localhost:3030/tutorial2?graph=http://purl.org/dc/elements/1.1
[2023-11-30 11:18:48] Fuseki     INFO  [80] Body: Content-Length=3542, Content-Type=application/rdf+xml, Charset=null => RDF/XML : Count=22 Triples=22 Quads=0
[2023-11-30 11:18:48] Fuseki     INFO  [80] 201 Created (1 ms)
[2023-11-30 11:18:48] Fuseki     INFO  [81] POST http://localhost:3030/tutorial2?graph=http://example.com/tutorial2/vocabulary/bundle
[2023-11-30 11:18:48] Fuseki     INFO  [81] Body: Content-Length=9149, Content-Type=application/rdf+xml, Charset=null => RDF/XML : Count=148 Triples=148 Quads=0
[2023-11-30 11:18:48] Fuseki     INFO  [81] 201 Created (4 ms)
[2023-11-30 11:18:48] Fuseki     INFO  [82] POST http://localhost:3030/tutorial2?graph=http://example.com/tutorial2/description//bundle/properties
[2023-11-30 11:18:48] Fuseki     INFO  [82] Body: Content-Length=19015, Content-Type=text/turtle, Charset=null => Turtle : Count=248 Triples=248 Quads=0
[2023-11-30 11:18:48] Fuseki     INFO  [82] 201 Created (4 ms)
[2023-11-30 11:18:48] Fuseki     INFO  [83] POST http://localhost:3030/tutorial2?graph=http://example.com/tutorial2/description//bundle/individuals
[2023-11-30 11:18:48] Fuseki     INFO  [83] Body: Content-Length=123753, Content-Type=text/turtle, Charset=null => Turtle : Count=1470 Triples=1470 Quads=0
[2023-11-30 11:18:48] Fuseki     INFO  [83] 201 Created (14 ms)
[2023-11-30 11:18:48] Fuseki     INFO  [84] POST http://localhost:3030/tutorial2?graph=http://example.com/tutorial2/description//bundle/classes
[2023-11-30 11:18:48] Fuseki     INFO  [84] Body: Content-Length=24862, Content-Type=text/turtle, Charset=null => Turtle : Count=360 Triples=360 Quads=0
[2023-11-30 11:18:48] Fuseki     INFO  [84] 201 Created (5 ms)
[2023-11-30 11:18:48] Fuseki     INFO  [85] POST http://localhost:3030/tutorial2?graph=http://example.com/tutorial2/description/masses
[2023-11-30 11:18:48] Fuseki     INFO  [85] Body: Content-Length=13629, Content-Type=application/rdf+xml, Charset=null => RDF/XML : Count=67 Triples=67 Quads=0
[2023-11-30 11:18:48] Fuseki     INFO  [85] 201 Created (2 ms)
[2023-11-30 11:18:48] Fuseki     INFO  [86] POST http://localhost:3030/tutorial2?graph=http://example.com/tutorial2/description/interfaces
[2023-11-30 11:18:48] Fuseki     INFO  [86] Body: Content-Length=6933, Content-Type=application/rdf+xml, Charset=null => RDF/XML : Count=41 Triples=41 Quads=0
[2023-11-30 11:18:48] Fuseki     INFO  [86] 201 Created (2 ms)
[2023-11-30 11:18:48] Fuseki     INFO  [87] POST http://localhost:3030/tutorial2?graph=http://bipm.org/jcgm/vim4
[2023-11-30 11:18:48] Fuseki     INFO  [87] Body: Content-Length=187945, Content-Type=application/rdf+xml, Charset=null => RDF/XML : Count=1807 Triples=1807 Quads=0
[2023-11-30 11:18:48] Fuseki     INFO  [87] 201 Created (22 ms)
[2023-11-30 11:18:48] Fuseki     INFO  [88] POST http://localhost:3030/tutorial2?graph=http://example.com/tutorial2/description/missions
[2023-11-30 11:18:48] Fuseki     INFO  [88] Body: Content-Length=5153, Content-Type=application/rdf+xml, Charset=null => RDF/XML : Count=31 Triples=31 Quads=0
[2023-11-30 11:18:48] Fuseki     INFO  [88] 201 Created (2 ms)
[2023-11-30 11:18:48] Fuseki     INFO  [89] POST http://localhost:3030/tutorial2?graph=http://iso.org/iso-1087-1
[2023-11-30 11:18:48] Fuseki     INFO  [89] Body: Content-Length=8160, Content-Type=application/rdf+xml, Charset=null => RDF/XML : Count=63 Triples=63 Quads=0
[2023-11-30 11:18:48] Fuseki     INFO  [89] 201 Created (2 ms)
[2023-11-30 11:18:48] Fuseki     INFO  [90] POST http://localhost:3030/tutorial2?graph=http://example.com/tutorial2/vocabulary/mechanical
[2023-11-30 11:18:48] Fuseki     INFO  [90] Body: Content-Length=3267, Content-Type=application/rdf+xml, Charset=null => RDF/XML : Count=26 Triples=26 Quads=0
[2023-11-30 11:18:48] Fuseki     INFO  [90] 201 Created (1 ms)
[2023-11-30 11:18:48] Fuseki     INFO  [91] POST http://localhost:3030/tutorial2?graph=http://example.com/tutorial2/vocabulary/mission
[2023-11-30 11:18:48] Fuseki     INFO  [91] Body: Content-Length=27131, Content-Type=application/rdf+xml, Charset=null => RDF/XML : Count=242 Triples=242 Quads=0
[2023-11-30 11:18:48] Fuseki     INFO  [91] 201 Created (5 ms)
[2023-11-30 11:18:48] Fuseki     INFO  [92] POST http://localhost:3030/tutorial2?graph=http://iso.org/iso-80000-1
[2023-11-30 11:18:48] Fuseki     INFO  [92] Body: Content-Length=11534, Content-Type=application/rdf+xml, Charset=null => RDF/XML : Count=124 Triples=124 Quads=0
[2023-11-30 11:18:48] Fuseki     INFO  [92] 201 Created (3 ms)
[2023-11-30 11:18:48] Fuseki     INFO  [93] POST http://localhost:3030/tutorial2?graph=http://iso.org/iso-80000-4.1
[2023-11-30 11:18:48] Fuseki     INFO  [93] Body: Content-Length=5744, Content-Type=application/rdf+xml, Charset=null => RDF/XML : Count=41 Triples=41 Quads=0
[2023-11-30 11:18:48] Fuseki     INFO  [93] 201 Created (2 ms)
[2023-11-30 11:18:48] Fuseki     INFO  [94] POST http://localhost:3030/tutorial2?graph=http://example.com/tutorial2/description/components
[2023-11-30 11:18:48] Fuseki     INFO  [94] Body: Content-Length=11031, Content-Type=application/rdf+xml, Charset=null => RDF/XML : Count=80 Triples=80 Quads=0
[2023-11-30 11:18:48] Fuseki     INFO  [94] 201 Created (2 ms)
[2023-11-30 11:18:48] Fuseki     INFO  [95] POST http://localhost:3030/tutorial2?graph=http://example.com/tutorial2/description/objectives
[2023-11-30 11:18:48] Fuseki     INFO  [95] Body: Content-Length=6586, Content-Type=application/rdf+xml, Charset=null => RDF/XML : Count=41 Triples=41 Quads=0
[2023-11-30 11:18:48] Fuseki     INFO  [95] 201 Created (2 ms)
[2023-11-30 11:18:48] Fuseki     INFO  [96] POST http://localhost:3030/tutorial2?graph=http://example.com/tutorial2/description/bundle
[2023-11-30 11:18:48] Fuseki     INFO  [96] Body: Content-Length=190231, Content-Type=application/rdf+xml, Charset=null => RDF/XML : Count=1936 Triples=1936 Quads=0
[2023-11-30 11:18:48] Fuseki     INFO  [96] 201 Created (25 ms)
[2023-11-30 11:18:48] Fuseki     INFO  [97] POST http://localhost:3030/tutorial2?graph=http://example.com/tutorial2/vocabulary/base
[2023-11-30 11:18:48] Fuseki     INFO  [97] Body: Content-Length=16152, Content-Type=application/rdf+xml, Charset=null => RDF/XML : Count=132 Triples=132 Quads=0
[2023-11-30 11:18:48] Fuseki     INFO  [97] 201 Created (4 ms)
[2023-11-30 11:18:48] Fuseki     INFO  [98] GET http://localhost:3030/tutorial2/sparql?query=PREFIX%20%20mission:%20%3Chttp://example.com/tutorial2/vocabulary/mission%23%3E%0APREFIX%20%20base:%20%3Chttp://example.com/tutorial2/vocabulary/base%23%3E%0A%0ASELECT%20DISTINCT%20%20?m_id%20?m_name%20?o_id%20?o_name%0AWHERE%0A%20%20%7B%20?m%20%20%20%20a%20%20%20%20%20%20%20%20%20%20%20%20%20%20%20%20%20%20%20%20%20mission:Mission%20%3B%0A%20%20%20%20%20%20%20%20%20%20base:hasIdentifier%20%20%20%20?m_id%20%3B%0A%20%20%20%20%20%20%20%20%20%20base:hasCanonicalName%20%20?m_name%20%3B%0A%20%20%20%20%20%20%20%20%20%20mission:pursues%20%20%20%20%20%20%20_:b0%20.%0A%20%20%20%20_:b0%20%20a%20%20%20%20%20%20%20%20%20%20%20%20%20%20%20%20%20%20%20%20%20mission:Objective%20%3B%0A%20%20%20%20%20%20%20%20%20%20base:hasIdentifier%20%20%20%20?o_id%20%3B%0A%20%20%20%20%20%20%20%20%20%20base:hasCanonicalName%20%20?o_name%0A%20%20%7D%0AORDER%20BY%20?m_id%20?o_id%0A
[2023-11-30 11:18:48] Fuseki     INFO  [98] Query = PREFIX  mission: <http://example.com/tutorial2/vocabulary/mission#> PREFIX  base: <http://example.com/tutorial2/vocabulary/base#>  SELECT DISTINCT  ?m_id ?m_name ?o_id ?o_name WHERE   { ?m    a                     mission:Mission ;           base:hasIdentifier    ?m_id ;           base:hasCanonicalName  ?m_name ;           mission:pursues       _:b0 .     _:b0  a                     mission:Objective ;           base:hasIdentifier    ?o_id ;           base:hasCanonicalName  ?o_name   } ORDER BY ?m_id ?o_id 
[2023-11-30 11:18:48] Fuseki     INFO  [100] GET http://localhost:3030/tutorial2/sparql?query=PREFIX%20%20mission:%20%3Chttp://example.com/tutorial2/vocabulary/mission%23%3E%0APREFIX%20%20base:%20%3Chttp://example.com/tutorial2/vocabulary/base%23%3E%0A%0ASELECT%20DISTINCT%20%20?o1_id%20?o1_name%20?o2_id%20?o2_name%0AWHERE%0A%20%20%7B%20?o1%20%20%20a%20%20%20%20%20%20%20%20%20%20%20%20%20%20%20%20%20%20%20%20%20mission:Objective%20%3B%0A%20%20%20%20%20%20%20%20%20%20base:hasIdentifier%20%20%20%20?o1_id%20%3B%0A%20%20%20%20%20%20%20%20%20%20base:hasCanonicalName%20%20?o1_name%20%3B%0A%20%20%20%20%20%20%20%20%20%20base:aggregates%20%20%20%20%20%20%20_:b0%20.%0A%20%20%20%20_:b0%20%20base:hasIdentifier%20%20%20%20?o2_id%20%3B%0A%20%20%20%20%20%20%20%20%20%20base:hasCanonicalName%20%20?o2_name%0A%20%20%7D%0AORDER%20BY%20?o1_id%20?o2_id%0A
[2023-11-30 11:18:48] Fuseki     INFO  [99] GET http://localhost:3030/tutorial2/sparql?query=PREFIX%20%20mission:%20%3Chttp://example.com/tutorial2/vocabulary/mission%23%3E%0APREFIX%20%20vim4:%20%3Chttp://bipm.org/jcgm/vim4%23%3E%0APREFIX%20%20base:%20%3Chttp://example.com/tutorial2/vocabulary/base%23%3E%0A%0ASELECT%20DISTINCT%20%20?c1_id%20?c1_name%20?c1_mass%20?c2_id%20?c2_name%0AWHERE%0A%20%20%7B%20?c1%20%20a%20%20%20%20%20%20%20%20%20%20%20%20%20%20%20%20%20%20%20%20%20mission:Component%20%3B%0A%20%20%20%20%20%20%20%20%20base:hasIdentifier%20%20%20%20?c1_id%20%3B%0A%20%20%20%20%20%20%20%20%20base:hasCanonicalName%20%20?c1_name%0A%20%20%20%20OPTIONAL%0A%20%20%20%20%20%20%7B%20?c1%20%20base:isContainedIn%20%20%20%20?c2%20.%0A%20%20%20%20%20%20%20%20?c2%20%20base:hasIdentifier%20%20%20%20?c2_id%20%3B%0A%20%20%20%20%20%20%20%20%20%20%20%20%20base:hasCanonicalName%20%20?c2_name%0A%20%20%20%20%20%20%7D%0A%20%20%20%20OPTIONAL%0A%20%20%20%20%20%20%7B%20?c1_mass_mag%20%20vim4:characterizes%20%20?c1%20%3B%0A%20%20%20%20%20%20%20%20%20%20%20%20%20%20%20%20%20%20vim4:hasDoubleNumber%20%20?c1_mass%0A%20%20%20%20%20%20%7D%0A%20%20%7D%0AORDER%20BY%20?c1_id%20?c2_id%0A
[2023-11-30 11:18:48] Fuseki     INFO  [100] Query = PREFIX  mission: <http://example.com/tutorial2/vocabulary/mission#> PREFIX  base: <http://example.com/tutorial2/vocabulary/base#>  SELECT DISTINCT  ?o1_id ?o1_name ?o2_id ?o2_name WHERE   { ?o1   a                     mission:Objective ;           base:hasIdentifier    ?o1_id ;           base:hasCanonicalName  ?o1_name ;           base:aggregates       _:b0 .     _:b0  base:hasIdentifier    ?o2_id ;           base:hasCanonicalName  ?o2_name   } ORDER BY ?o1_id ?o2_id 
[2023-11-30 11:18:48] Fuseki     INFO  [99] Query = PREFIX  mission: <http://example.com/tutorial2/vocabulary/mission#> PREFIX  vim4: <http://bipm.org/jcgm/vim4#> PREFIX  base: <http://example.com/tutorial2/vocabulary/base#>  SELECT DISTINCT  ?c1_id ?c1_name ?c1_mass ?c2_id ?c2_name WHERE   { ?c1  a                     mission:Component ;          base:hasIdentifier    ?c1_id ;          base:hasCanonicalName  ?c1_name     OPTIONAL       { ?c1  base:isContainedIn    ?c2 .         ?c2  base:hasIdentifier    ?c2_id ;              base:hasCanonicalName  ?c2_name       }     OPTIONAL       { ?c1_mass_mag  vim4:characterizes  ?c1 ;                   vim4:hasDoubleNumber  ?c1_mass       }   } ORDER BY ?c1_id ?c2_id 
[2023-11-30 11:18:48] Fuseki     INFO  [98] 200 OK (2 ms)
[2023-11-30 11:18:48] Fuseki     INFO  [100] 200 OK (2 ms)
[2023-11-30 11:18:48] Fuseki     INFO  [99] 200 OK (4 ms)
[2023-11-30 11:19:32] Fuseki     INFO  [101] GET http://localhost:3030/tutorial2/sparql?query=PREFIX%20%20mission:%20%3Chttp://example.com/tutorial2/vocabulary/mission%23%3E%0APREFIX%20%20rdfs:%20%3Chttp://www.w3.org/2000/01/rdf-schema%23%3E%0APREFIX%20%20base:%20%3Chttp://example.com/tutorial2/vocabulary/base%23%3E%0APREFIX%20%20oml:%20%20%3Chttp://opencaesar.io/oml%23%3E%0A%0ASELECT%20DISTINCT%20%20?r_id%20?c_name%20?i_name%0AWHERE%0A%20%20%7B%20?r%20%20%20%20a%20%20%20%20%20%20%20%20%20%20%20%20%20%20%20%20%20%20%20%20%20mission:Requirement%20%3B%0A%20%20%20%20%20%20%20%20%20%20base:hasIdentifier%20%20%20%20?r_id%20%3B%0A%20%20%20%20%20%20%20%20%20%20mission:specifies%20%20%20%20%20_:b0%20.%0A%20%20%20%20_:b0%20%20a%20%20%20%20%20%20%20%20%20%20%20%20%20%20%20%20%20%20%20%20%20mission:Presents%20%3B%0A%20%20%20%20%20%20%20%20%20%20oml:hasSource%20%20%20%20%20%20%20%20%20_:b1%20.%0A%20%20%20%20_:b1%20%20base:hasCanonicalName%20%20?c_name%20.%0A%20%20%20%20_:b0%20%20oml:hasTarget%20%20%20%20%20%20%20%20%20_:b2%20.%0A%20%20%20%20_:b2%20%20base:hasCanonicalName%20%20?i_name%0A%20%20%7D%0AORDER%20BY%20?r_id%20?c_name%20?i_name%0A
[2023-11-30 11:19:32] Fuseki     INFO  [102] GET http://localhost:3030/tutorial2/sparql?query=PREFIX%20%20mission:%20%3Chttp://example.com/tutorial2/vocabulary/mission%23%3E%0APREFIX%20%20base:%20%3Chttp://example.com/tutorial2/vocabulary/base%23%3E%0A%0ASELECT%20DISTINCT%20%20?o1_id%20?o1_name%20?o2_id%20?o2_name%0AWHERE%0A%20%20%7B%20?o1%20%20%20a%20%20%20%20%20%20%20%20%20%20%20%20%20%20%20%20%20%20%20%20%20mission:Objective%20%3B%0A%20%20%20%20%20%20%20%20%20%20base:hasIdentifier%20%20%20%20?o1_id%20%3B%0A%20%20%20%20%20%20%20%20%20%20base:hasCanonicalName%20%20?o1_name%20%3B%0A%20%20%20%20%20%20%20%20%20%20base:aggregates%20%20%20%20%20%20%20_:b0%20.%0A%20%20%20%20_:b0%20%20base:hasIdentifier%20%20%20%20?o2_id%20%3B%0A%20%20%20%20%20%20%20%20%20%20base:hasCanonicalName%20%20?o2_name%0A%20%20%7D%0AORDER%20BY%20?o1_id%20?o2_id%0A
[2023-11-30 11:19:32] Fuseki     INFO  [103] GET http://localhost:3030/tutorial2/sparql?query=PREFIX%20%20mission:%20%3Chttp://example.com/tutorial2/vocabulary/mission%23%3E%0APREFIX%20%20vim4:%20%3Chttp://bipm.org/jcgm/vim4%23%3E%0APREFIX%20%20base:%20%3Chttp://example.com/tutorial2/vocabulary/base%23%3E%0A%0ASELECT%20DISTINCT%20%20?c1_id%20?c1_name%20?c1_mass%20?c2_id%20?c2_name%0AWHERE%0A%20%20%7B%20?c1%20%20a%20%20%20%20%20%20%20%20%20%20%20%20%20%20%20%20%20%20%20%20%20mission:Component%20%3B%0A%20%20%20%20%20%20%20%20%20base:hasIdentifier%20%20%20%20?c1_id%20%3B%0A%20%20%20%20%20%20%20%20%20base:hasCanonicalName%20%20?c1_name%0A%20%20%20%20OPTIONAL%0A%20%20%20%20%20%20%7B%20?c1%20%20base:isContainedIn%20%20%20%20?c2%20.%0A%20%20%20%20%20%20%20%20?c2%20%20base:hasIdentifier%20%20%20%20?c2_id%20%3B%0A%20%20%20%20%20%20%20%20%20%20%20%20%20base:hasCanonicalName%20%20?c2_name%0A%20%20%20%20%20%20%7D%0A%20%20%20%20OPTIONAL%0A%20%20%20%20%20%20%7B%20?c1_mass_mag%20%20vim4:characterizes%20%20?c1%20%3B%0A%20%20%20%20%20%20%20%20%20%20%20%20%20%20%20%20%20%20vim4:hasDoubleNumber%20%20?c1_mass%0A%20%20%20%20%20%20%7D%0A%20%20%7D%0AORDER%20BY%20?c1_id%20?c2_id%0A
[2023-11-30 11:19:32] Fuseki     INFO  [101] Query = PREFIX  mission: <http://example.com/tutorial2/vocabulary/mission#> PREFIX  rdfs: <http://www.w3.org/2000/01/rdf-schema#> PREFIX  base: <http://example.com/tutorial2/vocabulary/base#> PREFIX  oml:  <http://opencaesar.io/oml#>  SELECT DISTINCT  ?r_id ?c_name ?i_name WHERE   { ?r    a                     mission:Requirement ;           base:hasIdentifier    ?r_id ;           mission:specifies     _:b0 .     _:b0  a                     mission:Presents ;           oml:hasSource         _:b1 .     _:b1  base:hasCanonicalName  ?c_name .     _:b0  oml:hasTarget         _:b2 .     _:b2  base:hasCanonicalName  ?i_name   } ORDER BY ?r_id ?c_name ?i_name 
[2023-11-30 11:19:32] Fuseki     INFO  [102] Query = PREFIX  mission: <http://example.com/tutorial2/vocabulary/mission#> PREFIX  base: <http://example.com/tutorial2/vocabulary/base#>  SELECT DISTINCT  ?o1_id ?o1_name ?o2_id ?o2_name WHERE   { ?o1   a                     mission:Objective ;           base:hasIdentifier    ?o1_id ;           base:hasCanonicalName  ?o1_name ;           base:aggregates       _:b0 .     _:b0  base:hasIdentifier    ?o2_id ;           base:hasCanonicalName  ?o2_name   } ORDER BY ?o1_id ?o2_id 
[2023-11-30 11:19:32] Fuseki     INFO  [104] GET http://localhost:3030/tutorial2/sparql?query=PREFIX%20%20mission:%20%3Chttp://example.com/tutorial2/vocabulary/mission%23%3E%0APREFIX%20%20base:%20%3Chttp://example.com/tutorial2/vocabulary/base%23%3E%0A%0ASELECT%20DISTINCT%20%20?m_id%20?m_name%20?o_id%20?o_name%0AWHERE%0A%20%20%7B%20?m%20%20%20%20a%20%20%20%20%20%20%20%20%20%20%20%20%20%20%20%20%20%20%20%20%20mission:Mission%20%3B%0A%20%20%20%20%20%20%20%20%20%20base:hasIdentifier%20%20%20%20?m_id%20%3B%0A%20%20%20%20%20%20%20%20%20%20base:hasCanonicalName%20%20?m_name%20%3B%0A%20%20%20%20%20%20%20%20%20%20mission:pursues%20%20%20%20%20%20%20_:b0%20.%0A%20%20%20%20_:b0%20%20a%20%20%20%20%20%20%20%20%20%20%20%20%20%20%20%20%20%20%20%20%20mission:Objective%20%3B%0A%20%20%20%20%20%20%20%20%20%20base:hasIdentifier%20%20%20%20?o_id%20%3B%0A%20%20%20%20%20%20%20%20%20%20base:hasCanonicalName%20%20?o_name%0A%20%20%7D%0AORDER%20BY%20?m_id%20?o_id%0A
[2023-11-30 11:19:32] Fuseki     INFO  [103] Query = PREFIX  mission: <http://example.com/tutorial2/vocabulary/mission#> PREFIX  vim4: <http://bipm.org/jcgm/vim4#> PREFIX  base: <http://example.com/tutorial2/vocabulary/base#>  SELECT DISTINCT  ?c1_id ?c1_name ?c1_mass ?c2_id ?c2_name WHERE   { ?c1  a                     mission:Component ;          base:hasIdentifier    ?c1_id ;          base:hasCanonicalName  ?c1_name     OPTIONAL       { ?c1  base:isContainedIn    ?c2 .         ?c2  base:hasIdentifier    ?c2_id ;              base:hasCanonicalName  ?c2_name       }     OPTIONAL       { ?c1_mass_mag  vim4:characterizes  ?c1 ;                   vim4:hasDoubleNumber  ?c1_mass       }   } ORDER BY ?c1_id ?c2_id 
[2023-11-30 11:19:32] Fuseki     INFO  [104] Query = PREFIX  mission: <http://example.com/tutorial2/vocabulary/mission#> PREFIX  base: <http://example.com/tutorial2/vocabulary/base#>  SELECT DISTINCT  ?m_id ?m_name ?o_id ?o_name WHERE   { ?m    a                     mission:Mission ;           base:hasIdentifier    ?m_id ;           base:hasCanonicalName  ?m_name ;           mission:pursues       _:b0 .     _:b0  a                     mission:Objective ;           base:hasIdentifier    ?o_id ;           base:hasCanonicalName  ?o_name   } ORDER BY ?m_id ?o_id 
[2023-11-30 11:19:32] Fuseki     INFO  [102] 200 OK (3 ms)
[2023-11-30 11:19:32] Fuseki     INFO  [104] 200 OK (3 ms)
[2023-11-30 11:19:32] Fuseki     INFO  [101] 200 OK (3 ms)
[2023-11-30 11:19:32] Fuseki     INFO  [103] 200 OK (5 ms)
